{
  "RSpec": {
    "coverage": {
      "/Users/ajackusconsultancy/Documents/user-directory/app/models/user.rb": {
        "lines": [
          1,
          1,
          1,
          1,
          null,
          null,
          1,
          1,
          1,
          1,
          1,
          1,
          null,
          1,
          14,
          null,
          null,
          null,
          null,
          null,
          null,
          null,
          null,
          null,
          null,
          null,
          null,
          1,
          14,
          null,
          null,
          null,
          null
        ]
      },
      "/Users/ajackusconsultancy/Documents/user-directory/app/models/application_record.rb": {
        "lines": [
          1,
          1,
          null
        ]
      },
      "/Users/ajackusconsultancy/Documents/user-directory/app/helpers/application_helper.rb": {
        "lines": [
          1,
          null
        ]
      },
      "/Users/ajackusconsultancy/Documents/user-directory/app/helpers/search_helper.rb": {
        "lines": [
          1,
          1,
          null,
          0,
          null,
          null
        ]
      },
      "/Users/ajackusconsultancy/Documents/user-directory/app/helpers/users_helper.rb": {
        "lines": [
          1,
          null
        ]
      },
      "/Users/ajackusconsultancy/Documents/user-directory/app/controllers/users_controller.rb": {
        "lines": [
          1,
          null,
          1,
          1,
          1,
          1,
          null,
          null,
          null,
          0,
          null,
          null,
          null,
          1,
          1,
          1,
          null,
          null,
          null,
          null,
          1,
          1,
          null,
          null,
          1,
          1,
          1,
          null,
          null,
          null,
          null,
          1,
          4,
          4,
          null,
          4,
          4,
          4,
          2,
          2,
          null,
          null,
          null,
          null,
          2,
          null,
          null,
          null,
          null,
          null,
          0,
          null,
          null,
          null,
          1,
          3,
          3,
          3,
          2,
          2,
          null,
          null,
          null,
          null,
          1,
          null,
          null,
          null,
          null,
          null,
          0,
          null,
          null,
          null,
          1,
          2,
          2,
          2,
          2,
          null,
          null,
          1,
          1,
          7,
          null,
          null
        ]
      },
      "/Users/ajackusconsultancy/Documents/user-directory/app/controllers/application_controller.rb": {
        "lines": [
          1,
          1,
          1,
          1,
          1,
          1,
          null,
          1,
          null,
          1,
          13,
          13,
          null,
          null,
          1,
          null,
          1,
          13,
          13,
          null,
          null,
          1,
          13,
          13,
          13,
          null,
          null,
          null
        ]
      },
      "/Users/ajackusconsultancy/Documents/user-directory/app/mailers/user_mailer.rb": {
        "lines": [
          1,
          null,
          1,
          1,
          null,
          1,
          0,
          0,
          0,
          null,
          null
        ]
      },
      "/Users/ajackusconsultancy/Documents/user-directory/app/mailers/application_mailer.rb": {
        "lines": [
          1,
          1,
          1,
          null
        ]
      },
      "/Users/ajackusconsultancy/Documents/user-directory/app/jobs/application_job.rb": {
        "lines": [
          0,
          null,
          null,
          null,
          null,
          null,
          0
        ],
        "branches": {
        }
      },
      "/Users/ajackusconsultancy/Documents/user-directory/app/controllers/welcome_controller.rb": {
        "lines": [
          0,
          0,
          0,
          0,
          null,
          0,
          0,
          null,
          0,
          0,
          null,
          0,
          0,
          0
        ],
        "branches": {
        }
      },
      "/Users/ajackusconsultancy/Documents/user-directory/app/channels/application_cable/connection.rb": {
        "lines": [
          0,
          0,
          0,
          0
        ],
        "branches": {
        }
      },
      "/Users/ajackusconsultancy/Documents/user-directory/app/channels/application_cable/channel.rb": {
        "lines": [
          0,
          0,
          0,
          0
        ],
        "branches": {
        }
      }
    },
    "timestamp": 1595511234
  }
}
